Using pre-set license
Built from '2020.3/staging' branch; Version is '2020.3.9f1 (108be757e447) revision 1084391'; Using compiler version '192528614'; Build Type 'Release'
OS: 'Windows 10 Home Single Language; OS build 19041.985; Version 2004; 64bit' Language: 'ru' Physical Memory: 6019 MB
BatchMode: 1, IsHumanControllingUs: 0, StartBugReporterOnCrash: 0, Is64bit: 1, IsPro: 0

 COMMAND LINE ARGUMENTS:
D:\programs\Unity\2020.3.9f1\Editor\Unity.exe
-adb2
-batchMode
-noUpm
-name
AssetImportWorker0
-projectPath
D:/Work/GameDev/UnityProject/Roll-a-Ball
-logFile
Logs/AssetImportWorker0.log
-srvPort
64602
Successfully changed project path to: D:/Work/GameDev/UnityProject/Roll-a-Ball
D:/Work/GameDev/UnityProject/Roll-a-Ball
Using Asset Import Pipeline V2.
Refreshing native plugins compatible for Editor in 65.12 ms, found 0 plugins.
Preloading 0 native plugins for Editor in 0.00 ms.
Initialize engine version: 2020.3.9f1 (108be757e447)
[Subsystems] Discovering subsystems at path D:/programs/Unity/2020.3.9f1/Editor/Data/Resources/UnitySubsystems
[Subsystems] Discovering subsystems at path D:/Work/GameDev/UnityProject/Roll-a-Ball/Assets
GfxDevice: creating device client; threaded=0
Direct3D:
    Version:  Direct3D 11.0 [level 11.0]
    Renderer: NVIDIA GeForce 940MX (ID=0x134d)
    Vendor:   
    VRAM:     2010 MB
    Driver:   27.21.14.6089
Initialize mono
Mono path[0] = 'D:/programs/Unity/2020.3.9f1/Editor/Data/Managed'
Mono path[1] = 'D:/programs/Unity/2020.3.9f1/Editor/Data/MonoBleedingEdge/lib/mono/unityjit'
Mono config path = 'D:/programs/Unity/2020.3.9f1/Editor/Data/MonoBleedingEdge/etc'
Using monoOptions --debugger-agent=transport=dt_socket,embedding=1,server=y,suspend=n,address=127.0.0.1:56460
Begin MonoManager ReloadAssembly
Registering precompiled unity dll's ...
Register platform support module: D:/programs/Unity/2020.3.9f1/Editor/Data/PlaybackEngines/WindowsStandaloneSupport/UnityEditor.WindowsStandalone.Extensions.dll
Registered in 0.001687 seconds.
Native extension for WindowsStandalone target not found
Refreshing native plugins compatible for Editor in 71.77 ms, found 0 plugins.
Preloading 0 native plugins for Editor in 0.00 ms.
Mono: successfully reloaded assembly
- Completed reload, in  2.652 seconds
Platform modules already initialized, skipping
Registering precompiled user dll's ...
Registered in 0.001809 seconds.
Begin MonoManager ReloadAssembly
Native extension for WindowsStandalone target not found
Refreshing native plugins compatible for Editor in 77.78 ms, found 0 plugins.
Preloading 0 native plugins for Editor in 0.00 ms.
Mono: successfully reloaded assembly
- Completed reload, in  1.608 seconds
Platform modules already initialized, skipping
========================================================================
Worker process is ready to serve import requests
Shader 'Universal Render Pipeline/Particles/Lit': fallback shader 'Universal Render Pipeline/Particles/SimpleLit' not found
Shader 'Universal Render Pipeline/Particles/Lit': fallback shader 'Universal Render Pipeline/Particles/SimpleLit' not found
Launched and connected shader compiler UnityShaderCompiler.exe after 0.16 seconds
Refreshing native plugins compatible for Editor in 0.50 ms, found 0 plugins.
Preloading 0 native plugins for Editor in 0.00 ms.
Unloading 2422 Unused Serialized files (Serialized files now loaded: 0)
System memory in use before: 113.7 MB.
System memory in use after: 110.9 MB.

Unloading 45 unused Assets to reduce memory usage. Loaded Objects now: 2830.
Total: 5.096300 ms (FindLiveObjects: 0.361200 ms CreateObjectMapping: 0.163900 ms MarkObjects: 2.538600 ms  DeleteObjects: 2.030900 ms)

========================================================================
Received Import Request.
  path: Assets
  artifactKey: Guid(00000000000000001000000000000000) Importer(815301076,1909f56bfc062723c751e8b465ee728b)
Start importing Assets using Guid(00000000000000001000000000000000) Importer(815301076,1909f56bfc062723c751e8b465ee728b)  -> (artifact id: '42d402b061de3733987d63b9cc3b64de') in 0.006917 seconds
  Import took 0.075278 seconds .

========================================================================
Received Import Request.
  Time since last request: 2.082993 seconds.
  path: Assets/Prefab
  artifactKey: Guid(249c03a987fdcba4d875e5d9687f9eee) Importer(815301076,1909f56bfc062723c751e8b465ee728b)
Start importing Assets/Prefab using Guid(249c03a987fdcba4d875e5d9687f9eee) Importer(815301076,1909f56bfc062723c751e8b465ee728b)  -> (artifact id: 'ade4035e9ebcec1a29b281b4a5925790') in 0.005149 seconds
  Import took 0.013666 seconds .

========================================================================
Received Import Request.
  Time since last request: 8.315248 seconds.
  path: Assets/Prefab/Cell.prefab
  artifactKey: Guid(a8980d06cddc0404b8fca8e62cd90074) Importer(815301076,1909f56bfc062723c751e8b465ee728b)
Start importing Assets/Prefab/Cell.prefab using Guid(a8980d06cddc0404b8fca8e62cd90074) Importer(815301076,1909f56bfc062723c751e8b465ee728b)  -> (artifact id: 'e5a6f542f2f1885c550dddc45de47893') in 0.495220 seconds
  Import took 0.525328 seconds .

========================================================================
Received Prepare
Registering precompiled user dll's ...
Registered in 0.001711 seconds.
Begin MonoManager ReloadAssembly
Native extension for WindowsStandalone target not found
Refreshing native plugins compatible for Editor in 0.64 ms, found 0 plugins.
Preloading 0 native plugins for Editor in 0.00 ms.
Mono: successfully reloaded assembly
- Completed reload, in  1.540 seconds
Platform modules already initialized, skipping
Shader 'Universal Render Pipeline/Particles/Lit': fallback shader 'Universal Render Pipeline/Particles/SimpleLit' not found
Shader 'Universal Render Pipeline/Particles/Lit': fallback shader 'Universal Render Pipeline/Particles/SimpleLit' not found
Refreshing native plugins compatible for Editor in 0.85 ms, found 0 plugins.
Preloading 0 native plugins for Editor in 0.00 ms.
Unloading 2354 Unused Serialized files (Serialized files now loaded: 0)
System memory in use before: 115.5 MB.
System memory in use after: 112.7 MB.

Unloading 40 unused Assets to reduce memory usage. Loaded Objects now: 2886.
Total: 6.262100 ms (FindLiveObjects: 0.389700 ms CreateObjectMapping: 0.198800 ms MarkObjects: 2.640700 ms  DeleteObjects: 3.030100 ms)

========================================================================
Received Import Request.
  Time since last request: 64.327779 seconds.
  path: Assets/Scripts/HintRenderer.cs
  artifactKey: Guid(ea54f7bc90e2764449842b2032ca620d) Importer(815301076,1909f56bfc062723c751e8b465ee728b)
Start importing Assets/Scripts/HintRenderer.cs using Guid(ea54f7bc90e2764449842b2032ca620d) Importer(815301076,1909f56bfc062723c751e8b465ee728b)  -> (artifact id: '5931b2f1b15f0d6ce8c784dfc9009c89') in 0.031440 seconds
  Import took 0.074623 seconds .

========================================================================
Received Import Request.
  Time since last request: 0.002101 seconds.
  path: Assets/Scripts/HintRenderer.cs
  artifactKey: Guid(ea54f7bc90e2764449842b2032ca620d) Importer(815301076,1909f56bfc062723c751e8b465ee728b)
Start importing Assets/Scripts/HintRenderer.cs using Guid(ea54f7bc90e2764449842b2032ca620d) Importer(815301076,1909f56bfc062723c751e8b465ee728b)  -> (artifact id: '5931b2f1b15f0d6ce8c784dfc9009c89') in 0.004655 seconds
  Import took 0.012671 seconds .

========================================================================
Received Import Request.
  Time since last request: 2.363008 seconds.
  path: Assets/Scripts/Cell.cs
  artifactKey: Guid(9399720b53c280743839a067fd9cf1e8) Importer(815301076,1909f56bfc062723c751e8b465ee728b)
Start importing Assets/Scripts/Cell.cs using Guid(9399720b53c280743839a067fd9cf1e8) Importer(815301076,1909f56bfc062723c751e8b465ee728b)  -> (artifact id: 'f0eebf3e369e9e8cd4900a7ca6bcfb01') in 0.002920 seconds
  Import took 0.036676 seconds .

========================================================================
Received Import Request.
  Time since last request: 12.651317 seconds.
  path: Assets/Scripts/Maze.cs
  artifactKey: Guid(0830fbf8a09492f4082adcd880f70ccb) Importer(815301076,1909f56bfc062723c751e8b465ee728b)
Start importing Assets/Scripts/Maze.cs using Guid(0830fbf8a09492f4082adcd880f70ccb) Importer(815301076,1909f56bfc062723c751e8b465ee728b)  -> (artifact id: 'a59e57bb7ac138c9bda760cc9361c3d8') in 0.003800 seconds
  Import took 0.042621 seconds .

========================================================================
Received Import Request.
  Time since last request: 2.104539 seconds.
  path: Assets/Scripts/MazeGenerator.cs
  artifactKey: Guid(0b07ee5fefdfbbd4da313784fd4e8e2a) Importer(815301076,1909f56bfc062723c751e8b465ee728b)
Start importing Assets/Scripts/MazeGenerator.cs using Guid(0b07ee5fefdfbbd4da313784fd4e8e2a) Importer(815301076,1909f56bfc062723c751e8b465ee728b)  -> (artifact id: '34e6b2bd7043596d0f5b9cae4d2937c9') in 0.004462 seconds
  Import took 0.045794 seconds .

========================================================================
Received Import Request.
  Time since last request: 2.367484 seconds.
  path: Assets/Scripts/MazeSpawner.cs
  artifactKey: Guid(6c44bbb6ed186694abaab741eccff70c) Importer(815301076,1909f56bfc062723c751e8b465ee728b)
Start importing Assets/Scripts/MazeSpawner.cs using Guid(6c44bbb6ed186694abaab741eccff70c) Importer(815301076,1909f56bfc062723c751e8b465ee728b)  -> (artifact id: 'e506a9772987e3c2c73e5eeb3343d2e3') in 0.005624 seconds
  Import took 0.013552 seconds .

========================================================================
Received Prepare
Registering precompiled user dll's ...
Registered in 0.001738 seconds.
Begin MonoManager ReloadAssembly
Native extension for WindowsStandalone target not found
Refreshing native plugins compatible for Editor in 0.53 ms, found 0 plugins.
Preloading 0 native plugins for Editor in 0.00 ms.
Mono: successfully reloaded assembly
- Completed reload, in  1.623 seconds
Platform modules already initialized, skipping
Shader 'Universal Render Pipeline/Particles/Lit': fallback shader 'Universal Render Pipeline/Particles/SimpleLit' not found
Shader 'Universal Render Pipeline/Particles/Lit': fallback shader 'Universal Render Pipeline/Particles/SimpleLit' not found
Refreshing native plugins compatible for Editor in 0.52 ms, found 0 plugins.
Preloading 0 native plugins for Editor in 0.00 ms.
Unloading 2353 Unused Serialized files (Serialized files now loaded: 0)
System memory in use before: 115.5 MB.
System memory in use after: 112.8 MB.

Unloading 41 unused Assets to reduce memory usage. Loaded Objects now: 2888.
Total: 7.393500 ms (FindLiveObjects: 0.364100 ms CreateObjectMapping: 0.234000 ms MarkObjects: 4.688600 ms  DeleteObjects: 2.104700 ms)

========================================================================
Received Import Request.
  Time since last request: 19.922186 seconds.
  path: Assets/Scripts/PlayerControls.cs
  artifactKey: Guid(2ecd9abea925c3e4095d66fe7f23467b) Importer(815301076,1909f56bfc062723c751e8b465ee728b)
Start importing Assets/Scripts/PlayerControls.cs using Guid(2ecd9abea925c3e4095d66fe7f23467b) Importer(815301076,1909f56bfc062723c751e8b465ee728b)  -> (artifact id: '08de67e8e4312c346f049e172f68d63d') in 0.007125 seconds
  Import took 0.075346 seconds .

========================================================================
Received Import Request.
  Time since last request: 0.583987 seconds.
  path: Assets/Scripts/PlayerControls3D.cs
  artifactKey: Guid(d041e8def9a97ee4a95bc04b36318b31) Importer(815301076,1909f56bfc062723c751e8b465ee728b)
Start importing Assets/Scripts/PlayerControls3D.cs using Guid(d041e8def9a97ee4a95bc04b36318b31) Importer(815301076,1909f56bfc062723c751e8b465ee728b)  -> (artifact id: '83db4ada964b009a35e39bf7fdf975db') in 0.004208 seconds
  Import took 0.071397 seconds .

========================================================================
Received Import Request.
  Time since last request: 1.467588 seconds.
  path: Assets/Scripts/SimpleCameraController.cs
  artifactKey: Guid(be76e5f14cfee674cb30b491fb72b09b) Importer(815301076,1909f56bfc062723c751e8b465ee728b)
Start importing Assets/Scripts/SimpleCameraController.cs using Guid(be76e5f14cfee674cb30b491fb72b09b) Importer(815301076,1909f56bfc062723c751e8b465ee728b)  -> (artifact id: '22f43657664d19fbc476a42e0fad91a9') in 0.003579 seconds
  Import took 0.099411 seconds .

========================================================================
Received Import Request.
  Time since last request: 18.969294 seconds.
  path: Assets/Scripts/default
  artifactKey: Guid(b02307d2d03036e419fecad6ec94ef07) Importer(815301076,1909f56bfc062723c751e8b465ee728b)
Start importing Assets/Scripts/default using Guid(b02307d2d03036e419fecad6ec94ef07) Importer(815301076,1909f56bfc062723c751e8b465ee728b)  -> (artifact id: '561fb5bbf1b5f89d293117dc51a5118d') in 0.004838 seconds
  Import took 0.084885 seconds .

========================================================================
Received Import Request.
  Time since last request: 6.056647 seconds.
  path: Assets/Scripts/Default
  artifactKey: Guid(b02307d2d03036e419fecad6ec94ef07) Importer(815301076,1909f56bfc062723c751e8b465ee728b)
Start importing Assets/Scripts/Default using Guid(b02307d2d03036e419fecad6ec94ef07) Importer(815301076,1909f56bfc062723c751e8b465ee728b)  -> (artifact id: '0b24eff7c3db0f00754526327f68b533') in 0.003956 seconds
  Import took 0.032542 seconds .

========================================================================
Received Prepare
Registering precompiled user dll's ...
Registered in 0.002262 seconds.
Begin MonoManager ReloadAssembly
Native extension for WindowsStandalone target not found
Refreshing native plugins compatible for Editor in 0.59 ms, found 0 plugins.
Preloading 0 native plugins for Editor in 0.00 ms.
Mono: successfully reloaded assembly
- Completed reload, in  1.566 seconds
Platform modules already initialized, skipping
Shader 'Universal Render Pipeline/Particles/Lit': fallback shader 'Universal Render Pipeline/Particles/SimpleLit' not found
Shader 'Universal Render Pipeline/Particles/Lit': fallback shader 'Universal Render Pipeline/Particles/SimpleLit' not found
Refreshing native plugins compatible for Editor in 0.51 ms, found 0 plugins.
Preloading 0 native plugins for Editor in 0.00 ms.
Unloading 2353 Unused Serialized files (Serialized files now loaded: 0)
System memory in use before: 115.6 MB.
System memory in use after: 112.8 MB.

Unloading 40 unused Assets to reduce memory usage. Loaded Objects now: 2891.
Total: 5.565700 ms (FindLiveObjects: 0.408300 ms CreateObjectMapping: 0.175100 ms MarkObjects: 2.837400 ms  DeleteObjects: 2.143300 ms)

========================================================================
Received Prepare
Registering precompiled user dll's ...
Registered in 0.001820 seconds.
Begin MonoManager ReloadAssembly
Native extension for WindowsStandalone target not found
Refreshing native plugins compatible for Editor in 0.54 ms, found 0 plugins.
Preloading 0 native plugins for Editor in 0.00 ms.
Mono: successfully reloaded assembly
- Completed reload, in  1.617 seconds
Platform modules already initialized, skipping
Shader 'Universal Render Pipeline/Particles/Lit': fallback shader 'Universal Render Pipeline/Particles/SimpleLit' not found
Shader 'Universal Render Pipeline/Particles/Lit': fallback shader 'Universal Render Pipeline/Particles/SimpleLit' not found
Refreshing native plugins compatible for Editor in 0.90 ms, found 0 plugins.
Preloading 0 native plugins for Editor in 0.00 ms.
Unloading 2351 Unused Serialized files (Serialized files now loaded: 0)
System memory in use before: 115.6 MB.
System memory in use after: 112.8 MB.

Unloading 42 unused Assets to reduce memory usage. Loaded Objects now: 2892.
Total: 5.768400 ms (FindLiveObjects: 0.349700 ms CreateObjectMapping: 0.163100 ms MarkObjects: 3.022000 ms  DeleteObjects: 2.231200 ms)

========================================================================
Received Import Request.
  Time since last request: 192.684860 seconds.
  path: Assets/Prefab/Cell.prefab
  artifactKey: Guid(a8980d06cddc0404b8fca8e62cd90074) Importer(815301076,1909f56bfc062723c751e8b465ee728b)
Start importing Assets/Prefab/Cell.prefab using Guid(a8980d06cddc0404b8fca8e62cd90074) Importer(815301076,1909f56bfc062723c751e8b465ee728b)  -> (artifact id: '3781c19d7e0d6945f61d4e92142cfead') in 0.273305 seconds
  Import took 0.643641 seconds .

========================================================================
Received Prepare
Registering precompiled user dll's ...
Registered in 0.001660 seconds.
Begin MonoManager ReloadAssembly
Native extension for WindowsStandalone target not found
Refreshing native plugins compatible for Editor in 0.51 ms, found 0 plugins.
Preloading 0 native plugins for Editor in 0.00 ms.
Mono: successfully reloaded assembly
- Completed reload, in  1.497 seconds
Platform modules already initialized, skipping
Shader 'Universal Render Pipeline/Particles/Lit': fallback shader 'Universal Render Pipeline/Particles/SimpleLit' not found
Shader 'Universal Render Pipeline/Particles/Lit': fallback shader 'Universal Render Pipeline/Particles/SimpleLit' not found
Refreshing native plugins compatible for Editor in 0.60 ms, found 0 plugins.
Preloading 0 native plugins for Editor in 0.00 ms.
Unloading 2351 Unused Serialized files (Serialized files now loaded: 0)
System memory in use before: 115.5 MB.
System memory in use after: 112.8 MB.

Unloading 40 unused Assets to reduce memory usage. Loaded Objects now: 2931.
Total: 5.763600 ms (FindLiveObjects: 0.368900 ms CreateObjectMapping: 0.171800 ms MarkObjects: 2.997500 ms  DeleteObjects: 2.223700 ms)

========================================================================
Received Import Request.
  Time since last request: 432.828367 seconds.
  path: Assets/Prefab/Cell.prefab
  artifactKey: Guid(a8980d06cddc0404b8fca8e62cd90074) Importer(815301076,1909f56bfc062723c751e8b465ee728b)
Start importing Assets/Prefab/Cell.prefab using Guid(a8980d06cddc0404b8fca8e62cd90074) Importer(815301076,1909f56bfc062723c751e8b465ee728b)  -> (artifact id: '3e1afb0e06105eb3e5b9acece1b74260') in 0.368875 seconds
  Import took 0.414631 seconds .

========================================================================
Received Prepare
Registering precompiled user dll's ...
Registered in 0.001830 seconds.
Begin MonoManager ReloadAssembly
Native extension for WindowsStandalone target not found
Refreshing native plugins compatible for Editor in 0.98 ms, found 0 plugins.
Preloading 0 native plugins for Editor in 0.00 ms.
Mono: successfully reloaded assembly
- Completed reload, in  3.019 seconds
Platform modules already initialized, skipping
Shader 'Universal Render Pipeline/Particles/Lit': fallback shader 'Universal Render Pipeline/Particles/SimpleLit' not found
Shader 'Universal Render Pipeline/Particles/Lit': fallback shader 'Universal Render Pipeline/Particles/SimpleLit' not found
Refreshing native plugins compatible for Editor in 0.74 ms, found 0 plugins.
Preloading 0 native plugins for Editor in 0.00 ms.
Unloading 2351 Unused Serialized files (Serialized files now loaded: 0)
System memory in use before: 115.8 MB.
System memory in use after: 113.0 MB.

Unloading 40 unused Assets to reduce memory usage. Loaded Objects now: 2970.
Total: 8.733400 ms (FindLiveObjects: 0.518000 ms CreateObjectMapping: 0.246500 ms MarkObjects: 4.646800 ms  DeleteObjects: 3.319200 ms)

========================================================================
Received Import Request.
  Time since last request: 186.922968 seconds.
  path: Assets/Prefab/Cell.prefab
  artifactKey: Guid(a8980d06cddc0404b8fca8e62cd90074) Importer(815301076,1909f56bfc062723c751e8b465ee728b)
Start importing Assets/Prefab/Cell.prefab using Guid(a8980d06cddc0404b8fca8e62cd90074) Importer(815301076,1909f56bfc062723c751e8b465ee728b)  -> (artifact id: '115ddd84ab73c3fe123d6ba7ceabdf0b') in 0.435758 seconds
  Import took 0.442663 seconds .

========================================================================
Received Import Request.
  Time since last request: 4.387584 seconds.
  path: Assets/Prefab/Cell.prefab
  artifactKey: Guid(a8980d06cddc0404b8fca8e62cd90074) Importer(815301076,1909f56bfc062723c751e8b465ee728b)
Start importing Assets/Prefab/Cell.prefab using Guid(a8980d06cddc0404b8fca8e62cd90074) Importer(815301076,1909f56bfc062723c751e8b465ee728b)  -> (artifact id: 'b9f14e39c792c0488beead9201b734ca') in 0.020385 seconds
  Import took 0.039238 seconds .

========================================================================
Received Import Request.
  Time since last request: 2.597081 seconds.
  path: Assets/Prefab/Cell.prefab
  artifactKey: Guid(a8980d06cddc0404b8fca8e62cd90074) Importer(815301076,1909f56bfc062723c751e8b465ee728b)
Start importing Assets/Prefab/Cell.prefab using Guid(a8980d06cddc0404b8fca8e62cd90074) Importer(815301076,1909f56bfc062723c751e8b465ee728b)  -> (artifact id: 'e5754f52c397afb8e9f65c3d334a02d1') in 0.020797 seconds
  Import took 0.028928 seconds .

========================================================================
Received Import Request.
  Time since last request: 2.273393 seconds.
  path: Assets/Prefab/Cell.prefab
  artifactKey: Guid(a8980d06cddc0404b8fca8e62cd90074) Importer(815301076,1909f56bfc062723c751e8b465ee728b)
Start importing Assets/Prefab/Cell.prefab using Guid(a8980d06cddc0404b8fca8e62cd90074) Importer(815301076,1909f56bfc062723c751e8b465ee728b)  -> (artifact id: '5671292169bab89372bf38d323a1c6f0') in 0.021947 seconds
  Import took 0.062944 seconds .

========================================================================
Received Import Request.
  Time since last request: 1.966095 seconds.
  path: Assets/Prefab/Cell.prefab
  artifactKey: Guid(a8980d06cddc0404b8fca8e62cd90074) Importer(815301076,1909f56bfc062723c751e8b465ee728b)
Start importing Assets/Prefab/Cell.prefab using Guid(a8980d06cddc0404b8fca8e62cd90074) Importer(815301076,1909f56bfc062723c751e8b465ee728b)  -> (artifact id: '15882d5c3d735aca16a4c905c9a3bbfd') in 0.019350 seconds
  Import took 0.030024 seconds .

========================================================================
Received Import Request.
  Time since last request: 1.813440 seconds.
  path: Assets/Prefab/Cell.prefab
  artifactKey: Guid(a8980d06cddc0404b8fca8e62cd90074) Importer(815301076,1909f56bfc062723c751e8b465ee728b)
Start importing Assets/Prefab/Cell.prefab using Guid(a8980d06cddc0404b8fca8e62cd90074) Importer(815301076,1909f56bfc062723c751e8b465ee728b)  -> (artifact id: 'b39a74ea90e67a3301e77b37ffc554e5') in 0.018828 seconds
  Import took 0.038656 seconds .

========================================================================
Received Import Request.
  Time since last request: 1.621166 seconds.
  path: Assets/Prefab/Cell.prefab
  artifactKey: Guid(a8980d06cddc0404b8fca8e62cd90074) Importer(815301076,1909f56bfc062723c751e8b465ee728b)
Start importing Assets/Prefab/Cell.prefab using Guid(a8980d06cddc0404b8fca8e62cd90074) Importer(815301076,1909f56bfc062723c751e8b465ee728b)  -> (artifact id: '3ca7a4e28120c0a0b28d4564a4fed3b1') in 0.025599 seconds
  Import took 0.050542 seconds .

========================================================================
Received Import Request.
  Time since last request: 4.357974 seconds.
  path: Assets/Prefab/Cell.prefab
  artifactKey: Guid(a8980d06cddc0404b8fca8e62cd90074) Importer(815301076,1909f56bfc062723c751e8b465ee728b)
Start importing Assets/Prefab/Cell.prefab using Guid(a8980d06cddc0404b8fca8e62cd90074) Importer(815301076,1909f56bfc062723c751e8b465ee728b)  -> (artifact id: 'd70c418dfd6d1aa488d9f27160f5150a') in 0.020443 seconds
  Import took 0.067761 seconds .

========================================================================
Received Import Request.
  Time since last request: 9.725250 seconds.
  path: Assets/Prefab/Cell.prefab
  artifactKey: Guid(a8980d06cddc0404b8fca8e62cd90074) Importer(815301076,1909f56bfc062723c751e8b465ee728b)
Start importing Assets/Prefab/Cell.prefab using Guid(a8980d06cddc0404b8fca8e62cd90074) Importer(815301076,1909f56bfc062723c751e8b465ee728b)  -> (artifact id: '8e5be319e906b2abf5d2c580a15384fa') in 0.018788 seconds
  Import took 0.035786 seconds .

========================================================================
Received Import Request.
  Time since last request: 24.817890 seconds.
  path: Assets/Prefab/Cell.prefab
  artifactKey: Guid(a8980d06cddc0404b8fca8e62cd90074) Importer(815301076,1909f56bfc062723c751e8b465ee728b)
Start importing Assets/Prefab/Cell.prefab using Guid(a8980d06cddc0404b8fca8e62cd90074) Importer(815301076,1909f56bfc062723c751e8b465ee728b)  -> (artifact id: '6601da55604e511c881367ebae87caf7') in 0.019668 seconds
  Import took 0.029767 seconds .

========================================================================
Received Import Request.
  Time since last request: 9.429972 seconds.
  path: Assets/Prefab/Cell.prefab
  artifactKey: Guid(a8980d06cddc0404b8fca8e62cd90074) Importer(815301076,1909f56bfc062723c751e8b465ee728b)
Start importing Assets/Prefab/Cell.prefab using Guid(a8980d06cddc0404b8fca8e62cd90074) Importer(815301076,1909f56bfc062723c751e8b465ee728b)  -> (artifact id: '3b6d7a4a4f58fa269db5d0982a489e67') in 0.022095 seconds
  Import took 0.030013 seconds .

========================================================================
Received Import Request.
  Time since last request: 8.808181 seconds.
  path: Assets/Prefab/Cell.prefab
  artifactKey: Guid(a8980d06cddc0404b8fca8e62cd90074) Importer(815301076,1909f56bfc062723c751e8b465ee728b)
Start importing Assets/Prefab/Cell.prefab using Guid(a8980d06cddc0404b8fca8e62cd90074) Importer(815301076,1909f56bfc062723c751e8b465ee728b)  -> (artifact id: 'c7bb4398e84318cbfc0f4dd0dd9e2cac') in 0.018012 seconds
  Import took 0.049335 seconds .

========================================================================
Received Import Request.
  Time since last request: 4.420164 seconds.
  path: Assets/Prefab/Cell.prefab
  artifactKey: Guid(a8980d06cddc0404b8fca8e62cd90074) Importer(815301076,1909f56bfc062723c751e8b465ee728b)
Start importing Assets/Prefab/Cell.prefab using Guid(a8980d06cddc0404b8fca8e62cd90074) Importer(815301076,1909f56bfc062723c751e8b465ee728b)  -> (artifact id: '0e907827fc1899259524f6c1d7d0660a') in 0.021974 seconds
  Import took 0.030875 seconds .

========================================================================
Received Import Request.
  Time since last request: 9.836981 seconds.
  path: Assets/Prefab/Cell.prefab
  artifactKey: Guid(a8980d06cddc0404b8fca8e62cd90074) Importer(815301076,1909f56bfc062723c751e8b465ee728b)
Start importing Assets/Prefab/Cell.prefab using Guid(a8980d06cddc0404b8fca8e62cd90074) Importer(815301076,1909f56bfc062723c751e8b465ee728b)  -> (artifact id: 'eef617e345092ec4a7c6e2de059e470a') in 0.021070 seconds
  Import took 0.063917 seconds .

========================================================================
Received Import Request.
  Time since last request: 3.335342 seconds.
  path: Assets/Prefab/Cell.prefab
  artifactKey: Guid(a8980d06cddc0404b8fca8e62cd90074) Importer(815301076,1909f56bfc062723c751e8b465ee728b)
Start importing Assets/Prefab/Cell.prefab using Guid(a8980d06cddc0404b8fca8e62cd90074) Importer(815301076,1909f56bfc062723c751e8b465ee728b)  -> (artifact id: 'e8d5dbaa2a584f3fc0bffc970c123c8e') in 0.016520 seconds
  Import took 0.046494 seconds .

========================================================================
Received Import Request.
  Time since last request: 8.565417 seconds.
  path: Assets/Prefab/Cell.prefab
  artifactKey: Guid(a8980d06cddc0404b8fca8e62cd90074) Importer(815301076,1909f56bfc062723c751e8b465ee728b)
Start importing Assets/Prefab/Cell.prefab using Guid(a8980d06cddc0404b8fca8e62cd90074) Importer(815301076,1909f56bfc062723c751e8b465ee728b)  -> (artifact id: '0479bcc00309855efaa033101127dde7') in 0.019502 seconds
  Import took 0.051670 seconds .

========================================================================
Received Import Request.
  Time since last request: 18.329219 seconds.
  path: Assets/Prefab/Cell.prefab
  artifactKey: Guid(a8980d06cddc0404b8fca8e62cd90074) Importer(815301076,1909f56bfc062723c751e8b465ee728b)
Start importing Assets/Prefab/Cell.prefab using Guid(a8980d06cddc0404b8fca8e62cd90074) Importer(815301076,1909f56bfc062723c751e8b465ee728b)  -> (artifact id: '0b2400024bbdce96c6dfa49bd7c73c32') in 0.017582 seconds
  Import took 0.024347 seconds .

========================================================================
Received Import Request.
  Time since last request: 5.673083 seconds.
  path: Assets/Prefab/Cell.prefab
  artifactKey: Guid(a8980d06cddc0404b8fca8e62cd90074) Importer(815301076,1909f56bfc062723c751e8b465ee728b)
Start importing Assets/Prefab/Cell.prefab using Guid(a8980d06cddc0404b8fca8e62cd90074) Importer(815301076,1909f56bfc062723c751e8b465ee728b)  -> (artifact id: '4dc75c6ba283d8b28f395c5ad75ca71d') in 0.022136 seconds
  Import took 0.031127 seconds .

========================================================================
Received Import Request.
  Time since last request: 0.975634 seconds.
  path: Assets/Prefab/Cell.prefab
  artifactKey: Guid(a8980d06cddc0404b8fca8e62cd90074) Importer(815301076,1909f56bfc062723c751e8b465ee728b)
Start importing Assets/Prefab/Cell.prefab using Guid(a8980d06cddc0404b8fca8e62cd90074) Importer(815301076,1909f56bfc062723c751e8b465ee728b)  -> (artifact id: 'cf20a6f0b3e13371cea54e3746026407') in 0.018728 seconds
  Import took 0.053418 seconds .

========================================================================
Received Prepare
Registering precompiled user dll's ...
Registered in 0.001627 seconds.
Begin MonoManager ReloadAssembly
Native extension for WindowsStandalone target not found
Refreshing native plugins compatible for Editor in 0.53 ms, found 0 plugins.
Preloading 0 native plugins for Editor in 0.00 ms.
Mono: successfully reloaded assembly
- Completed reload, in  1.533 seconds
Platform modules already initialized, skipping
Shader 'Universal Render Pipeline/Particles/Lit': fallback shader 'Universal Render Pipeline/Particles/SimpleLit' not found
Shader 'Universal Render Pipeline/Particles/Lit': fallback shader 'Universal Render Pipeline/Particles/SimpleLit' not found
Refreshing native plugins compatible for Editor in 0.52 ms, found 0 plugins.
Preloading 0 native plugins for Editor in 0.00 ms.
Unloading 2351 Unused Serialized files (Serialized files now loaded: 0)
System memory in use before: 115.9 MB.
System memory in use after: 113.2 MB.

Unloading 40 unused Assets to reduce memory usage. Loaded Objects now: 3009.
Total: 5.602900 ms (FindLiveObjects: 0.328800 ms CreateObjectMapping: 0.150800 ms MarkObjects: 2.957700 ms  DeleteObjects: 2.163600 ms)

========================================================================
Received Prepare
Registering precompiled user dll's ...
Registered in 0.002318 seconds.
Begin MonoManager ReloadAssembly
Native extension for WindowsStandalone target not found
Refreshing native plugins compatible for Editor in 0.54 ms, found 0 plugins.
Preloading 0 native plugins for Editor in 0.00 ms.
Mono: successfully reloaded assembly
- Completed reload, in  4.766 seconds
Platform modules already initialized, skipping
Shader 'Universal Render Pipeline/Particles/Lit': fallback shader 'Universal Render Pipeline/Particles/SimpleLit' not found
Shader 'Universal Render Pipeline/Particles/Lit': fallback shader 'Universal Render Pipeline/Particles/SimpleLit' not found
Refreshing native plugins compatible for Editor in 0.55 ms, found 0 plugins.
Preloading 0 native plugins for Editor in 0.00 ms.
Unloading 2351 Unused Serialized files (Serialized files now loaded: 0)
System memory in use before: 116.0 MB.
System memory in use after: 113.2 MB.

Unloading 40 unused Assets to reduce memory usage. Loaded Objects now: 3012.
Total: 6.370600 ms (FindLiveObjects: 0.383900 ms CreateObjectMapping: 0.197800 ms MarkObjects: 3.200700 ms  DeleteObjects: 2.586200 ms)

========================================================================
Received Import Request.
  Time since last request: 365.325185 seconds.
  path: Assets/Prefab/Квадрум 500х500 в Шахматы Коричневый стандарт.jpg
  artifactKey: Guid(ff119b34f86bac749b58754918164ae8) Importer(815301076,1909f56bfc062723c751e8b465ee728b)
Start importing Assets/Prefab/Квадрум 500х500 в Шахматы Коричневый стандарт.jpg using Guid(ff119b34f86bac749b58754918164ae8) Importer(815301076,1909f56bfc062723c751e8b465ee728b)  -> (artifact id: 'bdb1f66363df30191250fe7a082d2083') in 0.313949 seconds
  Import took 0.385507 seconds .

========================================================================
Received Import Request.
  Time since last request: 30.752561 seconds.
  path: Assets/Prefab/Кирпич 200х100 в Ряд Белый стандарт.jpg
  artifactKey: Guid(289a6328967096243973521ce419035d) Importer(815301076,1909f56bfc062723c751e8b465ee728b)
Start importing Assets/Prefab/Кирпич 200х100 в Ряд Белый стандарт.jpg using Guid(289a6328967096243973521ce419035d) Importer(815301076,1909f56bfc062723c751e8b465ee728b)  -> (artifact id: '492ca532233693b012645e89710c1c94') in 0.063991 seconds
  Import took 0.120807 seconds .

========================================================================
Received Import Request.
  Time since last request: 20.381347 seconds.
  path: Assets/Prefab/Cell.prefab
  artifactKey: Guid(a8980d06cddc0404b8fca8e62cd90074) Importer(815301076,1909f56bfc062723c751e8b465ee728b)
Start importing Assets/Prefab/Cell.prefab using Guid(a8980d06cddc0404b8fca8e62cd90074) Importer(815301076,1909f56bfc062723c751e8b465ee728b)  -> (artifact id: 'b1d9127697c7e6c82978dfb380e129a1') in 0.584807 seconds
  Import took 0.703693 seconds .

========================================================================
Received Import Request.
  Time since last request: 5.102499 seconds.
  path: Assets/Prefab/Cell.prefab
  artifactKey: Guid(a8980d06cddc0404b8fca8e62cd90074) Importer(815301076,1909f56bfc062723c751e8b465ee728b)
Start importing Assets/Prefab/Cell.prefab using Guid(a8980d06cddc0404b8fca8e62cd90074) Importer(815301076,1909f56bfc062723c751e8b465ee728b)  -> (artifact id: 'a56e023c67fe03864a8c3b984fea3699') in 0.031287 seconds
  Import took 0.112532 seconds .

========================================================================
Received Import Request.
  Time since last request: 20.942405 seconds.
  path: Assets/Prefab/Materials
  artifactKey: Guid(b39118b21122ac34298a6be0de850bc6) Importer(815301076,1909f56bfc062723c751e8b465ee728b)
Start importing Assets/Prefab/Materials using Guid(b39118b21122ac34298a6be0de850bc6) Importer(815301076,1909f56bfc062723c751e8b465ee728b)  -> (artifact id: '85e6e6a1289a2e5171431c1928d5eacd') in 0.005988 seconds
  Import took 0.052693 seconds .

========================================================================
Received Import Request.
  Time since last request: 9.207605 seconds.
  path: Assets/Materials/Skybox_Mat.mat
  artifactKey: Guid(0ffaa0b7117ba8c47a9d05ae701d4b4d) Importer(815301076,1909f56bfc062723c751e8b465ee728b)
Start importing Assets/Materials/Skybox_Mat.mat using Guid(0ffaa0b7117ba8c47a9d05ae701d4b4d) Importer(815301076,1909f56bfc062723c751e8b465ee728b)  -> (artifact id: '4d54ab3375f41efad00566dcae11def2') in 0.696304 seconds
  Import took 0.702868 seconds .

========================================================================
Received Import Request.
  Time since last request: 13.149435 seconds.
  path: Assets/Materials
  artifactKey: Guid(d0234ba368eeec9418390da711bfdad0) Importer(815301076,1909f56bfc062723c751e8b465ee728b)
Start importing Assets/Materials using Guid(d0234ba368eeec9418390da711bfdad0) Importer(815301076,1909f56bfc062723c751e8b465ee728b)  -> (artifact id: 'dd1fccef896d48891410691dfde716e5') in 0.004269 seconds
  Import took 0.051715 seconds .

========================================================================
Received Import Request.
  Time since last request: 11.910435 seconds.
  path: Assets/Materials/New Material.mat
  artifactKey: Guid(6535d55174ac997448be1de786daab65) Importer(815301076,1909f56bfc062723c751e8b465ee728b)
Start importing Assets/Materials/New Material.mat using Guid(6535d55174ac997448be1de786daab65) Importer(815301076,1909f56bfc062723c751e8b465ee728b)  -> (artifact id: '970052eef75c993ef7b77a065d08eb3b') in 0.022743 seconds
  Import took 0.040765 seconds .

========================================================================
Received Import Request.
  Time since last request: 18.335265 seconds.
  path: Assets/Materials/кирпич.mat
  artifactKey: Guid(6535d55174ac997448be1de786daab65) Importer(815301076,1909f56bfc062723c751e8b465ee728b)
Start importing Assets/Materials/кирпич.mat using Guid(6535d55174ac997448be1de786daab65) Importer(815301076,1909f56bfc062723c751e8b465ee728b)  -> (artifact id: 'cc46a0b98b68bcc189af94392d1a3b11') in 0.027284 seconds
  Import took 0.062178 seconds .

========================================================================
Received Import Request.
  Time since last request: 9.698783 seconds.
  path: Assets/Materials/квадрат.mat
  artifactKey: Guid(246ef1befcbcb584abbab6b6732b5cf0) Importer(815301076,1909f56bfc062723c751e8b465ee728b)
Start importing Assets/Materials/квадрат.mat using Guid(246ef1befcbcb584abbab6b6732b5cf0) Importer(815301076,1909f56bfc062723c751e8b465ee728b)  -> (artifact id: '06a5ba5b93b2bcc236d3488c4439fb62') in 0.017253 seconds
  Import took 0.113993 seconds .

========================================================================
Received Prepare
Registering precompiled user dll's ...
Registered in 0.001701 seconds.
Begin MonoManager ReloadAssembly
Native extension for WindowsStandalone target not found
Refreshing native plugins compatible for Editor in 0.64 ms, found 0 plugins.
Preloading 0 native plugins for Editor in 0.00 ms.
Mono: successfully reloaded assembly
- Completed reload, in  1.725 seconds
Platform modules already initialized, skipping
Shader 'Universal Render Pipeline/Particles/Lit': fallback shader 'Universal Render Pipeline/Particles/SimpleLit' not found
Shader 'Universal Render Pipeline/Particles/Lit': fallback shader 'Universal Render Pipeline/Particles/SimpleLit' not found
Refreshing native plugins compatible for Editor in 0.51 ms, found 0 plugins.
Preloading 0 native plugins for Editor in 0.00 ms.
Unloading 2351 Unused Serialized files (Serialized files now loaded: 0)
System memory in use before: 116.3 MB.
System memory in use after: 113.6 MB.

Unloading 40 unused Assets to reduce memory usage. Loaded Objects now: 3086.
Total: 6.157700 ms (FindLiveObjects: 0.359700 ms CreateObjectMapping: 0.143500 ms MarkObjects: 3.315400 ms  DeleteObjects: 2.337700 ms)

========================================================================
Received Import Request.
  Time since last request: 335.908415 seconds.
  path: Assets/ExampleAssets/Models/Workbench_Low.fbx
  artifactKey: Guid(ff6dc36862fe41641bb21568d92147c9) Importer(815301076,1909f56bfc062723c751e8b465ee728b)
Start importing Assets/ExampleAssets/Models/Workbench_Low.fbx using Guid(ff6dc36862fe41641bb21568d92147c9) Importer(815301076,1909f56bfc062723c751e8b465ee728b)  -> (artifact id: '5f99d08570cdde3afaf55ae1a8262d9b') in 1.909564 seconds
  Import took 2.009138 seconds .

========================================================================
Received Import Request.
  Time since last request: 0.000604 seconds.
  path: Assets/ExampleAssets/Materials/DryWall_Mat.mat
  artifactKey: Guid(a68228c24abfa2f4b8954d7b0148f799) Importer(815301076,1909f56bfc062723c751e8b465ee728b)
Start importing Assets/ExampleAssets/Materials/DryWall_Mat.mat using Guid(a68228c24abfa2f4b8954d7b0148f799) Importer(815301076,1909f56bfc062723c751e8b465ee728b)  -> (artifact id: '6b1d94bab502ca3021b8842519c6e122') in 1.424755 seconds
  Import took 1.432979 seconds .

========================================================================
Received Import Request.
  Time since last request: 0.000575 seconds.
  path: Assets/ExampleAssets/Materials/Strap_Mat.mat
  artifactKey: Guid(81c1860e7800e5340bf8a54c565ba9ea) Importer(815301076,1909f56bfc062723c751e8b465ee728b)
Start importing Assets/ExampleAssets/Materials/Strap_Mat.mat using Guid(81c1860e7800e5340bf8a54c565ba9ea) Importer(815301076,1909f56bfc062723c751e8b465ee728b)  -> (artifact id: 'a542234631127ea0c107d7d268657760') in 0.832970 seconds
  Import took 0.838955 seconds .

========================================================================
Received Import Request.
  Time since last request: 0.000616 seconds.
  path: Assets/ExampleAssets/Models/hammer_low.fbx
  artifactKey: Guid(68a66fb5a71f8204a8dcb613c97d1fa8) Importer(815301076,1909f56bfc062723c751e8b465ee728b)
Start importing Assets/ExampleAssets/Models/hammer_low.fbx using Guid(68a66fb5a71f8204a8dcb613c97d1fa8) Importer(815301076,1909f56bfc062723c751e8b465ee728b)  -> (artifact id: 'a0098d2334523c92cc3d702ca4ee63b2') in 0.070457 seconds
  Import took 0.141704 seconds .

========================================================================
Received Import Request.
  Time since last request: 0.001195 seconds.
  path: Assets/ExampleAssets/Materials/ConstructionLight_Mat.mat
  artifactKey: Guid(49076442eeb7e054b8e8869f8b40656d) Importer(815301076,1909f56bfc062723c751e8b465ee728b)
Start importing Assets/ExampleAssets/Materials/ConstructionLight_Mat.mat using Guid(49076442eeb7e054b8e8869f8b40656d) Importer(815301076,1909f56bfc062723c751e8b465ee728b)  -> (artifact id: '057c629e9591e646e979d0fd0d9eba29') in 0.563749 seconds
  Import took 0.635445 seconds .

========================================================================
Received Import Request.
  Time since last request: 0.000605 seconds.
  path: Assets/ExampleAssets/Models/safetygoggles_low.fbx
  artifactKey: Guid(6296e48663fd7ad46b1a2af507f871cf) Importer(815301076,1909f56bfc062723c751e8b465ee728b)
Start importing Assets/ExampleAssets/Models/safetygoggles_low.fbx using Guid(6296e48663fd7ad46b1a2af507f871cf) Importer(815301076,1909f56bfc062723c751e8b465ee728b)  -> (artifact id: '4ae8946a3f99a923f7803907a8c27ead') in 0.663534 seconds
  Import took 0.721207 seconds .

========================================================================
Received Import Request.
  Time since last request: 0.001178 seconds.
  path: Assets/ExampleAssets/Materials/Plastic_Rough_Mat.mat
  artifactKey: Guid(a5aaee4111611af43b5abbff184fe5fa) Importer(815301076,1909f56bfc062723c751e8b465ee728b)
Start importing Assets/ExampleAssets/Materials/Plastic_Rough_Mat.mat using Guid(a5aaee4111611af43b5abbff184fe5fa) Importer(815301076,1909f56bfc062723c751e8b465ee728b)  -> (artifact id: 'fe4d08b544b44bbbf01fdafd95ff430a') in 0.072512 seconds
  Import took 0.114301 seconds .

========================================================================
Received Import Request.
  Time since last request: 0.000496 seconds.
  path: Assets/ExampleAssets/Models/Stud.fbx
  artifactKey: Guid(34624edaccd9d704a95ed404d919b492) Importer(815301076,1909f56bfc062723c751e8b465ee728b)
Start importing Assets/ExampleAssets/Models/Stud.fbx using Guid(34624edaccd9d704a95ed404d919b492) Importer(815301076,1909f56bfc062723c751e8b465ee728b)  -> (artifact id: 'fb17f227481600cbf7b05869a1581d00') in 0.125465 seconds
  Import took 0.183622 seconds .

========================================================================
Received Import Request.
  Time since last request: 0.000529 seconds.
  path: Assets/ExampleAssets/Materials/Ground_Mat.mat
  artifactKey: Guid(d92ef32394b5f474385d74b565a7bdd7) Importer(815301076,1909f56bfc062723c751e8b465ee728b)
Start importing Assets/ExampleAssets/Materials/Ground_Mat.mat using Guid(d92ef32394b5f474385d74b565a7bdd7) Importer(815301076,1909f56bfc062723c751e8b465ee728b)  -> (artifact id: '464ecfb875d680da63be4f88529f4394') in 0.132304 seconds
  Import took 0.139852 seconds .

========================================================================
Received Import Request.
  Time since last request: 0.000517 seconds.
  path: Assets/ExampleAssets/Materials/Metal_Simple_Mat.mat
  artifactKey: Guid(a0427cf339e5891468d5f2b433b2d44a) Importer(815301076,1909f56bfc062723c751e8b465ee728b)
Start importing Assets/ExampleAssets/Materials/Metal_Simple_Mat.mat using Guid(a0427cf339e5891468d5f2b433b2d44a) Importer(815301076,1909f56bfc062723c751e8b465ee728b)  -> (artifact id: 'ed8fef95f5cf1ab691e96a9fc0590164') in 0.611380 seconds
  Import took 0.660501 seconds .

========================================================================
Received Import Request.
  Time since last request: 0.000600 seconds.
  path: Assets/ExampleAssets/Models/jigsaw_low.fbx
  artifactKey: Guid(8b73e8872ca76104bbca4ee2b704a1b4) Importer(815301076,1909f56bfc062723c751e8b465ee728b)
Start importing Assets/ExampleAssets/Models/jigsaw_low.fbx using Guid(8b73e8872ca76104bbca4ee2b704a1b4) Importer(815301076,1909f56bfc062723c751e8b465ee728b)  -> (artifact id: '87b286f23ab1406b66ffa7fd117ec63a') in 0.134627 seconds
  Import took 0.167165 seconds .

========================================================================
Received Import Request.
  Time since last request: 0.000570 seconds.
  path: Assets/ExampleAssets/Models/magneticlevel_low.fbx
  artifactKey: Guid(bae110eee250e4b418b188f4ae4e3170) Importer(815301076,1909f56bfc062723c751e8b465ee728b)
Start importing Assets/ExampleAssets/Models/magneticlevel_low.fbx using Guid(bae110eee250e4b418b188f4ae4e3170) Importer(815301076,1909f56bfc062723c751e8b465ee728b)  -> (artifact id: 'b7daa638a4f61892d85b4e50fee1e849') in 0.111128 seconds
  Import took 0.185191 seconds .

========================================================================
Received Import Request.
  Time since last request: 0.001231 seconds.
  path: Assets/ExampleAssets/Materials/Plastic_Transparent.mat
  artifactKey: Guid(8a38b7350df9a9c438e568993a00e5c5) Importer(815301076,1909f56bfc062723c751e8b465ee728b)
Start importing Assets/ExampleAssets/Materials/Plastic_Transparent.mat using Guid(8a38b7350df9a9c438e568993a00e5c5) Importer(815301076,1909f56bfc062723c751e8b465ee728b)  -> (artifact id: 'aa88e47cc5ed2495feca365ac46df73c') in 0.021788 seconds
  Import took 0.081028 seconds .

========================================================================
Received Import Request.
  Time since last request: 0.000906 seconds.
  path: Assets/ExampleAssets/Materials/Jigsaw_Mat.mat
  artifactKey: Guid(801db2d997a562b4ea333aa4593ce0f0) Importer(815301076,1909f56bfc062723c751e8b465ee728b)
Start importing Assets/ExampleAssets/Materials/Jigsaw_Mat.mat using Guid(801db2d997a562b4ea333aa4593ce0f0) Importer(815301076,1909f56bfc062723c751e8b465ee728b)  -> (artifact id: '8c2c3e8b482bfe7692597efc101f542e') in 0.080645 seconds
  Import took 0.090627 seconds .

========================================================================
Received Import Request.
  Time since last request: 0.000525 seconds.
  path: Assets/ExampleAssets/Models/brush_low.fbx
  artifactKey: Guid(aed8c47425ab91f4eb06ce6fe47c3e4e) Importer(815301076,1909f56bfc062723c751e8b465ee728b)
Start importing Assets/ExampleAssets/Models/brush_low.fbx using Guid(aed8c47425ab91f4eb06ce6fe47c3e4e) Importer(815301076,1909f56bfc062723c751e8b465ee728b)  -> (artifact id: '3e9112836ff5ae65005d884998ee7751') in 0.100103 seconds
  Import took 0.107873 seconds .

========================================================================
Received Import Request.
  Time since last request: 0.000557 seconds.
  path: Assets/ExampleAssets/Materials/Hammer_Mat.mat
  artifactKey: Guid(4efcffd7ae23f1e41943fd914b18da10) Importer(815301076,1909f56bfc062723c751e8b465ee728b)
Start importing Assets/ExampleAssets/Materials/Hammer_Mat.mat using Guid(4efcffd7ae23f1e41943fd914b18da10) Importer(815301076,1909f56bfc062723c751e8b465ee728b)  -> (artifact id: 'e35e9c0d8e130d6ff509af1a613494d7') in 0.137432 seconds
  Import took 0.186901 seconds .

========================================================================
Received Import Request.
  Time since last request: 0.000895 seconds.
  path: Assets/ExampleAssets/Models/paintbucket_low.fbx
  artifactKey: Guid(b451a052397f03c4f8a04d915d1c0492) Importer(815301076,1909f56bfc062723c751e8b465ee728b)
Start importing Assets/ExampleAssets/Models/paintbucket_low.fbx using Guid(b451a052397f03c4f8a04d915d1c0492) Importer(815301076,1909f56bfc062723c751e8b465ee728b)  -> (artifact id: '3fb120b6ed1c9690f3c18633a9ae2dd0') in 0.150058 seconds
  Import took 0.203139 seconds .

========================================================================
Received Import Request.
  Time since last request: 0.001530 seconds.
  path: Assets/ExampleAssets/Materials/Plastic_Yellow_Mat.mat
  artifactKey: Guid(bd2d742ee2ce7a740ae0cf992a38be74) Importer(815301076,1909f56bfc062723c751e8b465ee728b)
Start importing Assets/ExampleAssets/Materials/Plastic_Yellow_Mat.mat using Guid(bd2d742ee2ce7a740ae0cf992a38be74) Importer(815301076,1909f56bfc062723c751e8b465ee728b)  -> (artifact id: 'b4a82a5da02497828fc2c902b30e60d5') in 0.060367 seconds
  Import took 0.089513 seconds .

========================================================================
Received Import Request.
  Time since last request: 0.000687 seconds.
  path: Assets/ExampleAssets/Models/Workshop_Set.fbx
  artifactKey: Guid(47616bd0cda748d4cbedcfc908506b9d) Importer(815301076,1909f56bfc062723c751e8b465ee728b)
Start importing Assets/ExampleAssets/Models/Workshop_Set.fbx using Guid(47616bd0cda748d4cbedcfc908506b9d) Importer(815301076,1909f56bfc062723c751e8b465ee728b)  -> (artifact id: 'e07793a4d2b03e0e09167bfceb24a94b') in 0.144139 seconds
  Import took 0.153179 seconds .

========================================================================
Received Import Request.
  Time since last request: 0.000489 seconds.
  path: Assets/ExampleAssets/Materials/Plastic_Gray_Mat.mat
  artifactKey: Guid(4dad30bbe2213eb4d8312f7bb6190866) Importer(815301076,1909f56bfc062723c751e8b465ee728b)
Start importing Assets/ExampleAssets/Materials/Plastic_Gray_Mat.mat using Guid(4dad30bbe2213eb4d8312f7bb6190866) Importer(815301076,1909f56bfc062723c751e8b465ee728b)  -> (artifact id: '54ab71af590679b32677dc30ed226a51') in 0.050044 seconds
  Import took 0.126227 seconds .

========================================================================
Received Import Request.
  Time since last request: 0.001131 seconds.
  path: Assets/ExampleAssets/Materials/PaintLabel_Mat.mat
  artifactKey: Guid(3da4aad06945bbf4baf801c2aacbc01e) Importer(815301076,1909f56bfc062723c751e8b465ee728b)
Start importing Assets/ExampleAssets/Materials/PaintLabel_Mat.mat using Guid(3da4aad06945bbf4baf801c2aacbc01e) Importer(815301076,1909f56bfc062723c751e8b465ee728b)  -> (artifact id: '8c36a7279f016c98e6c23d7bc391d33c') in 0.630269 seconds
  Import took 0.641387 seconds .

========================================================================
Received Import Request.
  Time since last request: 0.000596 seconds.
  path: Assets/ExampleAssets/Models/ConstructionLight_Low.fbx
  artifactKey: Guid(e3ae06a3979f53046aa05330d69de1fa) Importer(815301076,1909f56bfc062723c751e8b465ee728b)
Start importing Assets/ExampleAssets/Models/ConstructionLight_Low.fbx using Guid(e3ae06a3979f53046aa05330d69de1fa) Importer(815301076,1909f56bfc062723c751e8b465ee728b)  -> (artifact id: '89b2f32173df055a9d31b242b3d5989c') in 0.115059 seconds
  Import took 0.121537 seconds .

========================================================================
Received Import Request.
  Time since last request: 0.000623 seconds.
  path: Assets/ExampleAssets/Models/Workbench.fbx
  artifactKey: Guid(efe9381559c516743bd05cef82f39ebb) Importer(815301076,1909f56bfc062723c751e8b465ee728b)
Start importing Assets/ExampleAssets/Models/Workbench.fbx using Guid(efe9381559c516743bd05cef82f39ebb) Importer(815301076,1909f56bfc062723c751e8b465ee728b)  -> (artifact id: '9763579b58169ef327fd8d483de42484') in 0.199948 seconds
  Import took 0.248282 seconds .

========================================================================
Received Import Request.
  Time since last request: 0.001334 seconds.
  path: Assets/ExampleAssets/Materials/LightBulb_Mat.mat
  artifactKey: Guid(ec739259ec61f5d4ba3ed6d34fd802a6) Importer(815301076,1909f56bfc062723c751e8b465ee728b)
Start importing Assets/ExampleAssets/Materials/LightBulb_Mat.mat using Guid(ec739259ec61f5d4ba3ed6d34fd802a6) Importer(815301076,1909f56bfc062723c751e8b465ee728b)  -> (artifact id: '6ed9e64f0d16e62cbd185bf095894f5b') in 0.541226 seconds
  Import took 0.590910 seconds .

========================================================================
Received Import Request.
  Time since last request: 0.000625 seconds.
  path: Assets/ExampleAssets/Materials/HardHat_Mat.mat
  artifactKey: Guid(e93789f0a5d66df4a81613935579642b) Importer(815301076,1909f56bfc062723c751e8b465ee728b)
Start importing Assets/ExampleAssets/Materials/HardHat_Mat.mat using Guid(e93789f0a5d66df4a81613935579642b) Importer(815301076,1909f56bfc062723c751e8b465ee728b)  -> (artifact id: 'f0451e8e4fc44c0c0ad06b480daab191') in 0.127776 seconds
  Import took 0.144246 seconds .

========================================================================
Received Import Request.
  Time since last request: 0.000564 seconds.
  path: Assets/ExampleAssets/Materials/Plastic_Black_Mat.mat
  artifactKey: Guid(e745492728544aa488aa0429b6068e71) Importer(815301076,1909f56bfc062723c751e8b465ee728b)
Start importing Assets/ExampleAssets/Materials/Plastic_Black_Mat.mat using Guid(e745492728544aa488aa0429b6068e71) Importer(815301076,1909f56bfc062723c751e8b465ee728b)  -> (artifact id: '9ec41258e50d7b0724bce6a1b02e69ab') in 0.016606 seconds
  Import took 0.047208 seconds .

========================================================================
Received Import Request.
  Time since last request: 0.000686 seconds.
  path: Assets/ExampleAssets/Materials/DryWallPainted_Mat.mat
  artifactKey: Guid(9b8eadc4de0544646b75ddcc43f8fd06) Importer(815301076,1909f56bfc062723c751e8b465ee728b)
Start importing Assets/ExampleAssets/Materials/DryWallPainted_Mat.mat using Guid(9b8eadc4de0544646b75ddcc43f8fd06) Importer(815301076,1909f56bfc062723c751e8b465ee728b)  -> (artifact id: 'e084f414280b96736064de24338bc225') in 0.131640 seconds
  Import took 0.138624 seconds .

========================================================================
Received Import Request.
  Time since last request: 0.000593 seconds.
  path: Assets/ExampleAssets/Materials/Plastic_Ridges_Mat.mat
  artifactKey: Guid(c05de7c865075334786e6a47a543af72) Importer(815301076,1909f56bfc062723c751e8b465ee728b)
Start importing Assets/ExampleAssets/Materials/Plastic_Ridges_Mat.mat using Guid(c05de7c865075334786e6a47a543af72) Importer(815301076,1909f56bfc062723c751e8b465ee728b)  -> (artifact id: '867bca899d157f77d37634eafef9f1aa') in 0.098427 seconds
  Import took 0.104430 seconds .

========================================================================
Received Import Request.
  Time since last request: 0.000654 seconds.
  path: Assets/ExampleAssets/Materials/Metal_Blue_Simple_Mat.mat
  artifactKey: Guid(cd71291c91c8cce499cb663b5db9970e) Importer(815301076,1909f56bfc062723c751e8b465ee728b)
Start importing Assets/ExampleAssets/Materials/Metal_Blue_Simple_Mat.mat using Guid(cd71291c91c8cce499cb663b5db9970e) Importer(815301076,1909f56bfc062723c751e8b465ee728b)  -> (artifact id: '91d0adbd293f6d73553ee1adc198f712') in 0.023134 seconds
  Import took 0.125576 seconds .

========================================================================
Received Import Request.
  Time since last request: 0.000593 seconds.
  path: Assets/ExampleAssets/Materials/Paint1G_WAnim_Material.mat
  artifactKey: Guid(55c183dc45153be48a45c4e530127fb3) Importer(815301076,1909f56bfc062723c751e8b465ee728b)
Start importing Assets/ExampleAssets/Materials/Paint1G_WAnim_Material.mat using Guid(55c183dc45153be48a45c4e530127fb3) Importer(815301076,1909f56bfc062723c751e8b465ee728b)  -> (artifact id: '7b31a38aa84ec72b691f75649480a6fe') in 1.316343 seconds
  Import took 1.323587 seconds .

========================================================================
Received Import Request.
  Time since last request: 0.000592 seconds.
  path: Assets/ExampleAssets/Materials/Plastic_White_Mat.mat
  artifactKey: Guid(6cfe423139c361a459da7ed9831d4b1c) Importer(815301076,1909f56bfc062723c751e8b465ee728b)
Start importing Assets/ExampleAssets/Materials/Plastic_White_Mat.mat using Guid(6cfe423139c361a459da7ed9831d4b1c) Importer(815301076,1909f56bfc062723c751e8b465ee728b)  -> (artifact id: '7270cf5fe7035eb4043b23a71cdca86e') in 0.039291 seconds
  Import took 0.092144 seconds .

========================================================================
Received Import Request.
  Time since last request: 0.000593 seconds.
  path: Assets/ExampleAssets/Materials/Liquid_Mat.mat
  artifactKey: Guid(c532880e607f8c84d8b9bf0c46a522ad) Importer(815301076,1909f56bfc062723c751e8b465ee728b)
Start importing Assets/ExampleAssets/Materials/Liquid_Mat.mat using Guid(c532880e607f8c84d8b9bf0c46a522ad) Importer(815301076,1909f56bfc062723c751e8b465ee728b)  -> (artifact id: '3bf9985e948210718225141c8418d287') in 0.017724 seconds
  Import took 0.056012 seconds .

========================================================================
Received Import Request.
  Time since last request: 0.000612 seconds.
  path: Assets/ExampleAssets/Materials/OBS_Mat.mat
  artifactKey: Guid(c438e5c679f1be040a135443008e2fce) Importer(815301076,1909f56bfc062723c751e8b465ee728b)
Start importing Assets/ExampleAssets/Materials/OBS_Mat.mat using Guid(c438e5c679f1be040a135443008e2fce) Importer(815301076,1909f56bfc062723c751e8b465ee728b)  -> (artifact id: 'efd04199af43445cb2cc288251b06194') in 0.162908 seconds
  Import took 0.172784 seconds .

========================================================================
Received Import Request.
  Time since last request: 0.000834 seconds.
  path: Assets/ExampleAssets/Models/safetyhat_low.fbx
  artifactKey: Guid(9d0d902f71acfe646a46cb625f815a49) Importer(815301076,1909f56bfc062723c751e8b465ee728b)
Start importing Assets/ExampleAssets/Models/safetyhat_low.fbx using Guid(9d0d902f71acfe646a46cb625f815a49) Importer(815301076,1909f56bfc062723c751e8b465ee728b)  -> (artifact id: '5935c6193b6a59e066fce2003b46692c') in 0.045351 seconds
  Import took 0.089709 seconds .

========================================================================
Received Import Request.
  Time since last request: 0.000691 seconds.
  path: Assets/ExampleAssets/Materials/PaintBrush_Mat.mat
  artifactKey: Guid(539165557a9d3744680bb21164bea45e) Importer(815301076,1909f56bfc062723c751e8b465ee728b)
Start importing Assets/ExampleAssets/Materials/PaintBrush_Mat.mat using Guid(539165557a9d3744680bb21164bea45e) Importer(815301076,1909f56bfc062723c751e8b465ee728b)  -> (artifact id: '94f8432233d9ceec849c9f270325d606') in 0.097135 seconds
  Import took 0.135023 seconds .

========================================================================
Received Import Request.
  Time since last request: 0.001179 seconds.
  path: Assets/ExampleAssets/Materials/Stud_Mat.mat
  artifactKey: Guid(027cb3d3d7dc79d41ad763e01759de07) Importer(815301076,1909f56bfc062723c751e8b465ee728b)
Start importing Assets/ExampleAssets/Materials/Stud_Mat.mat using Guid(027cb3d3d7dc79d41ad763e01759de07) Importer(815301076,1909f56bfc062723c751e8b465ee728b)  -> (artifact id: '2fa2aecd2a25a8d8aaf6cdad1b5a242e') in 0.150595 seconds
  Import took 0.162215 seconds .

========================================================================
Received Import Request.
  Time since last request: 0.000699 seconds.
  path: Assets/ExampleAssets/Models/small_plane.fbx
  artifactKey: Guid(aeaee610429f51f44981e141eb2a3545) Importer(815301076,1909f56bfc062723c751e8b465ee728b)
Start importing Assets/ExampleAssets/Models/small_plane.fbx using Guid(aeaee610429f51f44981e141eb2a3545) Importer(815301076,1909f56bfc062723c751e8b465ee728b)  -> (artifact id: 'f21ffefb080f2bc5460e0e031b036c2e') in 0.050683 seconds
  Import took 0.083579 seconds .

========================================================================
Received Import Request.
  Time since last request: 0.005738 seconds.
  path: Assets/ExampleAssets/Models/small_plane.fbx
  artifactKey: Guid(aeaee610429f51f44981e141eb2a3545) Importer(815301076,1909f56bfc062723c751e8b465ee728b)
Start importing Assets/ExampleAssets/Models/small_plane.fbx using Guid(aeaee610429f51f44981e141eb2a3545) Importer(815301076,1909f56bfc062723c751e8b465ee728b)  -> (artifact id: 'f21ffefb080f2bc5460e0e031b036c2e') in 0.031420 seconds
  Import took 0.055247 seconds .

========================================================================
Received Import Request.
  Time since last request: 1134.207258 seconds.
  path: Assets/Materials/квадрат.mat
  artifactKey: Guid(246ef1befcbcb584abbab6b6732b5cf0) Importer(815301076,1909f56bfc062723c751e8b465ee728b)
Start importing Assets/Materials/квадрат.mat using Guid(246ef1befcbcb584abbab6b6732b5cf0) Importer(815301076,1909f56bfc062723c751e8b465ee728b)  -> (artifact id: 'f140672eca547764d0dc14c84182a8c6') in 0.051783 seconds
  Import took 0.094796 seconds .

========================================================================
Received Import Request.
  Time since last request: 0.020010 seconds.
  path: Assets/Materials/квадрат.mat
  artifactKey: Guid(246ef1befcbcb584abbab6b6732b5cf0) Importer(815301076,1909f56bfc062723c751e8b465ee728b)
Start importing Assets/Materials/квадрат.mat using Guid(246ef1befcbcb584abbab6b6732b5cf0) Importer(815301076,1909f56bfc062723c751e8b465ee728b)  -> (artifact id: 'f140672eca547764d0dc14c84182a8c6') in 0.022294 seconds
  Import took 0.033031 seconds .

========================================================================
Received Prepare
Registering precompiled user dll's ...
Registered in 0.001886 seconds.
Begin MonoManager ReloadAssembly
Native extension for WindowsStandalone target not found
Refreshing native plugins compatible for Editor in 0.52 ms, found 0 plugins.
Preloading 0 native plugins for Editor in 0.00 ms.
Mono: successfully reloaded assembly
- Completed reload, in  1.658 seconds
Platform modules already initialized, skipping
Shader 'Universal Render Pipeline/Particles/Lit': fallback shader 'Universal Render Pipeline/Particles/SimpleLit' not found
Shader 'Universal Render Pipeline/Particles/Lit': fallback shader 'Universal Render Pipeline/Particles/SimpleLit' not found
Refreshing native plugins compatible for Editor in 0.54 ms, found 0 plugins.
Preloading 0 native plugins for Editor in 0.00 ms.
Unloading 2351 Unused Serialized files (Serialized files now loaded: 0)
System memory in use before: 117.2 MB.
System memory in use after: 114.5 MB.

Unloading 40 unused Assets to reduce memory usage. Loaded Objects now: 3130.
Total: 7.955900 ms (FindLiveObjects: 0.539400 ms CreateObjectMapping: 0.223800 ms MarkObjects: 4.238500 ms  DeleteObjects: 2.952200 ms)

========================================================================
Received Prepare
Registering precompiled user dll's ...
Registered in 0.001714 seconds.
Begin MonoManager ReloadAssembly
Native extension for WindowsStandalone target not found
Refreshing native plugins compatible for Editor in 0.51 ms, found 0 plugins.
Preloading 0 native plugins for Editor in 0.00 ms.
Mono: successfully reloaded assembly
- Completed reload, in  1.567 seconds
Platform modules already initialized, skipping
Shader 'Universal Render Pipeline/Particles/Lit': fallback shader 'Universal Render Pipeline/Particles/SimpleLit' not found
Shader 'Universal Render Pipeline/Particles/Lit': fallback shader 'Universal Render Pipeline/Particles/SimpleLit' not found
Refreshing native plugins compatible for Editor in 0.50 ms, found 0 plugins.
Preloading 0 native plugins for Editor in 0.00 ms.
Unloading 2351 Unused Serialized files (Serialized files now loaded: 0)
System memory in use before: 117.3 MB.
System memory in use after: 114.6 MB.

Unloading 40 unused Assets to reduce memory usage. Loaded Objects now: 3133.
Total: 5.988900 ms (FindLiveObjects: 0.344700 ms CreateObjectMapping: 0.148300 ms MarkObjects: 3.378900 ms  DeleteObjects: 2.115100 ms)

========================================================================
Received Prepare
Registering precompiled user dll's ...
Registered in 0.001815 seconds.
Begin MonoManager ReloadAssembly
Native extension for WindowsStandalone target not found
Refreshing native plugins compatible for Editor in 0.89 ms, found 0 plugins.
Preloading 0 native plugins for Editor in 0.00 ms.
Mono: successfully reloaded assembly
- Completed reload, in  1.513 seconds
Platform modules already initialized, skipping
Shader 'Universal Render Pipeline/Particles/Lit': fallback shader 'Universal Render Pipeline/Particles/SimpleLit' not found
Shader 'Universal Render Pipeline/Particles/Lit': fallback shader 'Universal Render Pipeline/Particles/SimpleLit' not found
Refreshing native plugins compatible for Editor in 0.52 ms, found 0 plugins.
Preloading 0 native plugins for Editor in 0.00 ms.
Unloading 2351 Unused Serialized files (Serialized files now loaded: 0)
System memory in use before: 117.3 MB.
System memory in use after: 114.6 MB.

Unloading 40 unused Assets to reduce memory usage. Loaded Objects now: 3136.
Total: 6.909900 ms (FindLiveObjects: 0.371700 ms CreateObjectMapping: 0.191000 ms MarkObjects: 3.197500 ms  DeleteObjects: 3.147500 ms)

========================================================================
Received Import Request.
  Time since last request: 252.460558 seconds.
  path: Assets/Scripts/MazeGenerator.cs
  artifactKey: Guid(0b07ee5fefdfbbd4da313784fd4e8e2a) Importer(815301076,1909f56bfc062723c751e8b465ee728b)
Start importing Assets/Scripts/MazeGenerator.cs using Guid(0b07ee5fefdfbbd4da313784fd4e8e2a) Importer(815301076,1909f56bfc062723c751e8b465ee728b)  -> (artifact id: '04d1ff12731837b39e8aab0baed8404c') in 0.037715 seconds
  Import took 0.071459 seconds .

========================================================================
Received Prepare
Registering precompiled user dll's ...
Registered in 0.001976 seconds.
Begin MonoManager ReloadAssembly
Native extension for WindowsStandalone target not found
Refreshing native plugins compatible for Editor in 0.51 ms, found 0 plugins.
Preloading 0 native plugins for Editor in 0.00 ms.
Mono: successfully reloaded assembly
- Completed reload, in  1.638 seconds
Platform modules already initialized, skipping
Shader 'Universal Render Pipeline/Particles/Lit': fallback shader 'Universal Render Pipeline/Particles/SimpleLit' not found
Shader 'Universal Render Pipeline/Particles/Lit': fallback shader 'Universal Render Pipeline/Particles/SimpleLit' not found
Refreshing native plugins compatible for Editor in 0.50 ms, found 0 plugins.
Preloading 0 native plugins for Editor in 0.00 ms.
Unloading 2351 Unused Serialized files (Serialized files now loaded: 0)
System memory in use before: 117.3 MB.
System memory in use after: 114.6 MB.

Unloading 40 unused Assets to reduce memory usage. Loaded Objects now: 3139.
Total: 6.079000 ms (FindLiveObjects: 0.352200 ms CreateObjectMapping: 0.143300 ms MarkObjects: 3.399300 ms  DeleteObjects: 2.181900 ms)

========================================================================
Received Prepare
Registering precompiled user dll's ...
Registered in 0.001741 seconds.
Begin MonoManager ReloadAssembly
Native extension for WindowsStandalone target not found
Refreshing native plugins compatible for Editor in 0.52 ms, found 0 plugins.
Preloading 0 native plugins for Editor in 0.00 ms.
Mono: successfully reloaded assembly
- Completed reload, in  1.485 seconds
Platform modules already initialized, skipping
Shader 'Universal Render Pipeline/Particles/Lit': fallback shader 'Universal Render Pipeline/Particles/SimpleLit' not found
Shader 'Universal Render Pipeline/Particles/Lit': fallback shader 'Universal Render Pipeline/Particles/SimpleLit' not found
Refreshing native plugins compatible for Editor in 0.52 ms, found 0 plugins.
Preloading 0 native plugins for Editor in 0.00 ms.
Unloading 2351 Unused Serialized files (Serialized files now loaded: 0)
System memory in use before: 117.3 MB.
System memory in use after: 114.6 MB.

Unloading 40 unused Assets to reduce memory usage. Loaded Objects now: 3142.
Total: 5.821600 ms (FindLiveObjects: 0.367300 ms CreateObjectMapping: 0.167900 ms MarkObjects: 2.942800 ms  DeleteObjects: 2.341800 ms)

========================================================================
Received Prepare
Registering precompiled user dll's ...
Registered in 0.001962 seconds.
Begin MonoManager ReloadAssembly
Native extension for WindowsStandalone target not found
Refreshing native plugins compatible for Editor in 0.52 ms, found 0 plugins.
Preloading 0 native plugins for Editor in 0.00 ms.
Mono: successfully reloaded assembly
- Completed reload, in  1.361 seconds
Platform modules already initialized, skipping
Shader 'Universal Render Pipeline/Particles/Lit': fallback shader 'Universal Render Pipeline/Particles/SimpleLit' not found
Shader 'Universal Render Pipeline/Particles/Lit': fallback shader 'Universal Render Pipeline/Particles/SimpleLit' not found
Refreshing native plugins compatible for Editor in 0.54 ms, found 0 plugins.
Preloading 0 native plugins for Editor in 0.00 ms.
Unloading 2351 Unused Serialized files (Serialized files now loaded: 0)
System memory in use before: 117.2 MB.
System memory in use after: 114.5 MB.

Unloading 40 unused Assets to reduce memory usage. Loaded Objects now: 3145.
Total: 6.691300 ms (FindLiveObjects: 0.526300 ms CreateObjectMapping: 0.213700 ms MarkObjects: 3.470100 ms  DeleteObjects: 2.479400 ms)

========================================================================
Received Prepare
Registering precompiled user dll's ...
Registered in 0.002422 seconds.
Begin MonoManager ReloadAssembly
Native extension for WindowsStandalone target not found
Refreshing native plugins compatible for Editor in 0.93 ms, found 0 plugins.
Preloading 0 native plugins for Editor in 0.00 ms.
Mono: successfully reloaded assembly
- Completed reload, in  3.189 seconds
Platform modules already initialized, skipping
Shader 'Universal Render Pipeline/Particles/Lit': fallback shader 'Universal Render Pipeline/Particles/SimpleLit' not found
Shader 'Universal Render Pipeline/Particles/Lit': fallback shader 'Universal Render Pipeline/Particles/SimpleLit' not found
Refreshing native plugins compatible for Editor in 0.92 ms, found 0 plugins.
Preloading 0 native plugins for Editor in 0.00 ms.
Unloading 2351 Unused Serialized files (Serialized files now loaded: 0)
System memory in use before: 117.4 MB.
System memory in use after: 114.6 MB.

Unloading 40 unused Assets to reduce memory usage. Loaded Objects now: 3148.
Total: 38.965300 ms (FindLiveObjects: 1.447800 ms CreateObjectMapping: 0.315400 ms MarkObjects: 18.160500 ms  DeleteObjects: 19.039300 ms)

========================================================================
Received Prepare
Registering precompiled user dll's ...
Registered in 0.001656 seconds.
Begin MonoManager ReloadAssembly
Native extension for WindowsStandalone target not found
Refreshing native plugins compatible for Editor in 0.52 ms, found 0 plugins.
Preloading 0 native plugins for Editor in 0.00 ms.
Mono: successfully reloaded assembly
- Completed reload, in  1.480 seconds
Platform modules already initialized, skipping
Shader 'Universal Render Pipeline/Particles/Lit': fallback shader 'Universal Render Pipeline/Particles/SimpleLit' not found
Shader 'Universal Render Pipeline/Particles/Lit': fallback shader 'Universal Render Pipeline/Particles/SimpleLit' not found
Refreshing native plugins compatible for Editor in 0.51 ms, found 0 plugins.
Preloading 0 native plugins for Editor in 0.00 ms.
Unloading 2351 Unused Serialized files (Serialized files now loaded: 0)
System memory in use before: 117.3 MB.
System memory in use after: 114.6 MB.

Unloading 40 unused Assets to reduce memory usage. Loaded Objects now: 3151.
Total: 5.833400 ms (FindLiveObjects: 0.369300 ms CreateObjectMapping: 0.136000 ms MarkObjects: 3.146600 ms  DeleteObjects: 2.179500 ms)

========================================================================
Received Prepare
Registering precompiled user dll's ...
Registered in 0.001694 seconds.
Begin MonoManager ReloadAssembly
Native extension for WindowsStandalone target not found
Refreshing native plugins compatible for Editor in 0.54 ms, found 0 plugins.
Preloading 0 native plugins for Editor in 0.00 ms.
Mono: successfully reloaded assembly
- Completed reload, in  1.421 seconds
Platform modules already initialized, skipping
Shader 'Universal Render Pipeline/Particles/Lit': fallback shader 'Universal Render Pipeline/Particles/SimpleLit' not found
Shader 'Universal Render Pipeline/Particles/Lit': fallback shader 'Universal Render Pipeline/Particles/SimpleLit' not found
Refreshing native plugins compatible for Editor in 0.51 ms, found 0 plugins.
Preloading 0 native plugins for Editor in 0.00 ms.
Unloading 2351 Unused Serialized files (Serialized files now loaded: 0)
System memory in use before: 117.3 MB.
System memory in use after: 114.6 MB.

Unloading 40 unused Assets to reduce memory usage. Loaded Objects now: 3154.
Total: 5.843400 ms (FindLiveObjects: 0.355600 ms CreateObjectMapping: 0.157100 ms MarkObjects: 3.084300 ms  DeleteObjects: 2.244500 ms)

========================================================================
Received Prepare
Registering precompiled user dll's ...
Registered in 0.002521 seconds.
Begin MonoManager ReloadAssembly
Native extension for WindowsStandalone target not found
Refreshing native plugins compatible for Editor in 0.66 ms, found 0 plugins.
Preloading 0 native plugins for Editor in 0.00 ms.
Mono: successfully reloaded assembly
- Completed reload, in  1.415 seconds
Platform modules already initialized, skipping
Shader 'Universal Render Pipeline/Particles/Lit': fallback shader 'Universal Render Pipeline/Particles/SimpleLit' not found
Shader 'Universal Render Pipeline/Particles/Lit': fallback shader 'Universal Render Pipeline/Particles/SimpleLit' not found
Refreshing native plugins compatible for Editor in 0.51 ms, found 0 plugins.
Preloading 0 native plugins for Editor in 0.00 ms.
Unloading 2351 Unused Serialized files (Serialized files now loaded: 0)
System memory in use before: 117.4 MB.
System memory in use after: 114.6 MB.

Unloading 40 unused Assets to reduce memory usage. Loaded Objects now: 3157.
Total: 6.376200 ms (FindLiveObjects: 0.389200 ms CreateObjectMapping: 0.154400 ms MarkObjects: 3.599200 ms  DeleteObjects: 2.231200 ms)

========================================================================
Received Prepare
Registering precompiled user dll's ...
Registered in 0.001924 seconds.
Begin MonoManager ReloadAssembly
Native extension for WindowsStandalone target not found
Refreshing native plugins compatible for Editor in 0.62 ms, found 0 plugins.
Preloading 0 native plugins for Editor in 0.00 ms.
Mono: successfully reloaded assembly
- Completed reload, in  1.670 seconds
Platform modules already initialized, skipping
Shader 'Universal Render Pipeline/Particles/Lit': fallback shader 'Universal Render Pipeline/Particles/SimpleLit' not found
Shader 'Universal Render Pipeline/Particles/Lit': fallback shader 'Universal Render Pipeline/Particles/SimpleLit' not found
Refreshing native plugins compatible for Editor in 0.55 ms, found 0 plugins.
Preloading 0 native plugins for Editor in 0.00 ms.
Unloading 2351 Unused Serialized files (Serialized files now loaded: 0)
System memory in use before: 117.3 MB.
System memory in use after: 114.5 MB.

Unloading 40 unused Assets to reduce memory usage. Loaded Objects now: 3160.
Total: 6.277600 ms (FindLiveObjects: 0.520400 ms CreateObjectMapping: 0.161000 ms MarkObjects: 3.419500 ms  DeleteObjects: 2.175100 ms)

========================================================================
Received Prepare
Registering precompiled user dll's ...
Registered in 0.001691 seconds.
Begin MonoManager ReloadAssembly
Native extension for WindowsStandalone target not found
Refreshing native plugins compatible for Editor in 0.53 ms, found 0 plugins.
Preloading 0 native plugins for Editor in 0.00 ms.
Mono: successfully reloaded assembly
- Completed reload, in  1.691 seconds
Platform modules already initialized, skipping
Shader 'Universal Render Pipeline/Particles/Lit': fallback shader 'Universal Render Pipeline/Particles/SimpleLit' not found
Shader 'Universal Render Pipeline/Particles/Lit': fallback shader 'Universal Render Pipeline/Particles/SimpleLit' not found
Refreshing native plugins compatible for Editor in 0.51 ms, found 0 plugins.
Preloading 0 native plugins for Editor in 0.00 ms.
Unloading 2351 Unused Serialized files (Serialized files now loaded: 0)
System memory in use before: 117.3 MB.
System memory in use after: 114.6 MB.

Unloading 40 unused Assets to reduce memory usage. Loaded Objects now: 3163.
Total: 7.098700 ms (FindLiveObjects: 0.392400 ms CreateObjectMapping: 0.203800 ms MarkObjects: 4.246800 ms  DeleteObjects: 2.253800 ms)

========================================================================
Received Prepare
Registering precompiled user dll's ...
Registered in 0.001689 seconds.
Begin MonoManager ReloadAssembly
Native extension for WindowsStandalone target not found
Refreshing native plugins compatible for Editor in 0.62 ms, found 0 plugins.
Preloading 0 native plugins for Editor in 0.00 ms.
Mono: successfully reloaded assembly
- Completed reload, in  1.463 seconds
Platform modules already initialized, skipping
Shader 'Universal Render Pipeline/Particles/Lit': fallback shader 'Universal Render Pipeline/Particles/SimpleLit' not found
Shader 'Universal Render Pipeline/Particles/Lit': fallback shader 'Universal Render Pipeline/Particles/SimpleLit' not found
Refreshing native plugins compatible for Editor in 0.50 ms, found 0 plugins.
Preloading 0 native plugins for Editor in 0.00 ms.
Unloading 2351 Unused Serialized files (Serialized files now loaded: 0)
System memory in use before: 117.4 MB.
System memory in use after: 114.6 MB.

Unloading 40 unused Assets to reduce memory usage. Loaded Objects now: 3166.
Total: 6.124700 ms (FindLiveObjects: 0.369600 ms CreateObjectMapping: 0.131900 ms MarkObjects: 3.380400 ms  DeleteObjects: 2.241200 ms)

========================================================================
Received Import Request.
  Time since last request: 1415.341205 seconds.
  path: Assets/Prefab/Cell.prefab
  artifactKey: Guid(a8980d06cddc0404b8fca8e62cd90074) Importer(815301076,1909f56bfc062723c751e8b465ee728b)
Start importing Assets/Prefab/Cell.prefab using Guid(a8980d06cddc0404b8fca8e62cd90074) Importer(815301076,1909f56bfc062723c751e8b465ee728b)  -> (artifact id: '2b4515c10ce170992db12e4cdded79b5') in 0.601382 seconds
  Import took 0.627121 seconds .

========================================================================
Received Import Request.
  Time since last request: 89.771716 seconds.
  path: Assets/Scripts/HintRenderer.cs
  artifactKey: Guid(ea54f7bc90e2764449842b2032ca620d) Importer(815301076,1909f56bfc062723c751e8b465ee728b)
Start importing Assets/Scripts/HintRenderer.cs using Guid(ea54f7bc90e2764449842b2032ca620d) Importer(815301076,1909f56bfc062723c751e8b465ee728b)  -> (artifact id: '71bc23431758863cc87edac0a9a26a9f') in 0.005066 seconds
  Import took 0.047911 seconds .

